<?xml version="1.0" encoding="UTF-8"?>
<!-- Generated by org.testng.reporters.JUnitReportReporter -->
<testsuite skipped="1" hostname="KASHTECH-PC" name="testNG.PetSuperMarket_SignIn" tests="2" failures="0" timestamp="2020-02-12T17:58:04 GMT" time="20.087" errors="1">
  <testcase name="f" time="0.000" classname="testNG.PetSuperMarket_SignIn">
    <skipped/>
  </testcase> <!-- f -->
  <testcase name="beforeClass" time="20.087" classname="testNG.PetSuperMarket_SignIn">
    <error type="org.openqa.selenium.SessionNotCreatedException" message="session not created
from chrome not reachable
  (Session info: chrome=80.0.3987.100)
Build info: version: &#039;3.141.59&#039;, revision: &#039;e82be7d358&#039;, time: &#039;2018-11-14T08:25:53&#039;
System info: host: &#039;KASHTECH-PC&#039;, ip: &#039;192.168.1.42&#039;, os.name: &#039;Windows 10&#039;, os.arch: &#039;amd64&#039;, os.version: &#039;10.0&#039;, java.version: &#039;1.8.0_231&#039;
Driver info: driver.version: ChromeDriver
remote stacktrace: Backtrace:
	Ordinal0 [0x007C0AE3+1706723]
	Ordinal0 [0x007268C1+1075393]
	Ordinal0 [0x0069DE52+515666]
	Ordinal0 [0x00697C88+490632]
	Ordinal0 [0x0069837B+492411]
	Ordinal0 [0x006992D5+496341]
	Ordinal0 [0x00694EE5+478949]
	Ordinal0 [0x0069EC80+519296]
	Ordinal0 [0x0064CA67+182887]
	Ordinal0 [0x0064BDDD+179677]
	Ordinal0 [0x00649D4B+171339]
	Ordinal0 [0x00631D4A+73034]
	Ordinal0 [0x00632DC0+77248]
	Ordinal0 [0x00632D59+77145]
	Ordinal0 [0x0073BB37+1162039]
	GetHandleVerifier [0x0085A7C6+508998]
	GetHandleVerifier [0x0085A504+508292]
	GetHandleVerifier [0x0086F617+594583]
	GetHandleVerifier [0x0085B036+511158]
	Ordinal0 [0x00733FFC+1130492]
	Ordinal0 [0x0073D49B+1168539]
	Ordinal0 [0x0073D603+1168899]
	Ordinal0 [0x00755B05+1268485]
	BaseThreadInitThunk [0x74CC6359+25]
	RtlGetAppContainerNamedObjectPath [0x774C7B74+228]
	RtlGetAppContainerNamedObjectPath [0x774C7B44+180]
">
      <![CDATA[org.openqa.selenium.SessionNotCreatedException: session not created
from chrome not reachable
  (Session info: chrome=80.0.3987.100)
Build info: version: '3.141.59', revision: 'e82be7d358', time: '2018-11-14T08:25:53'
System info: host: 'KASHTECH-PC', ip: '192.168.1.42', os.name: 'Windows 10', os.arch: 'amd64', os.version: '10.0', java.version: '1.8.0_231'
Driver info: driver.version: ChromeDriver
remote stacktrace: Backtrace:
Ordinal0 [0x007C0AE3+1706723]
Ordinal0 [0x007268C1+1075393]
Ordinal0 [0x0069DE52+515666]
Ordinal0 [0x00697C88+490632]
Ordinal0 [0x0069837B+492411]
Ordinal0 [0x006992D5+496341]
Ordinal0 [0x00694EE5+478949]
Ordinal0 [0x0069EC80+519296]
Ordinal0 [0x0064CA67+182887]
Ordinal0 [0x0064BDDD+179677]
Ordinal0 [0x00649D4B+171339]
Ordinal0 [0x00631D4A+73034]
Ordinal0 [0x00632DC0+77248]
Ordinal0 [0x00632D59+77145]
Ordinal0 [0x0073BB37+1162039]
GetHandleVerifier [0x0085A7C6+508998]
GetHandleVerifier [0x0085A504+508292]
GetHandleVerifier [0x0086F617+594583]
GetHandleVerifier [0x0085B036+511158]
Ordinal0 [0x00733FFC+1130492]
Ordinal0 [0x0073D49B+1168539]
Ordinal0 [0x0073D603+1168899]
Ordinal0 [0x00755B05+1268485]
BaseThreadInitThunk [0x74CC6359+25]
RtlGetAppContainerNamedObjectPath [0x774C7B74+228]
RtlGetAppContainerNamedObjectPath [0x774C7B44+180]

at sun.reflect.NativeConstructorAccessorImpl.newInstance0(Native Method)
at sun.reflect.NativeConstructorAccessorImpl.newInstance(Unknown Source)
at sun.reflect.DelegatingConstructorAccessorImpl.newInstance(Unknown Source)
at java.lang.reflect.Constructor.newInstance(Unknown Source)
at org.openqa.selenium.remote.W3CHandshakeResponse.lambda$errorHandler$0(W3CHandshakeResponse.java:62)
at org.openqa.selenium.remote.HandshakeResponse.lambda$getResponseFunction$0(HandshakeResponse.java:30)
at org.openqa.selenium.remote.ProtocolHandshake.lambda$createSession$0(ProtocolHandshake.java:126)
at java.util.stream.ReferencePipeline$3$1.accept(Unknown Source)
at java.util.Spliterators$ArraySpliterator.tryAdvance(Unknown Source)
at java.util.stream.ReferencePipeline.forEachWithCancel(Unknown Source)
at java.util.stream.AbstractPipeline.copyIntoWithCancel(Unknown Source)
at java.util.stream.AbstractPipeline.copyInto(Unknown Source)
at java.util.stream.AbstractPipeline.wrapAndCopyInto(Unknown Source)
at java.util.stream.FindOps$FindOp.evaluateSequential(Unknown Source)
at java.util.stream.AbstractPipeline.evaluate(Unknown Source)
at java.util.stream.ReferencePipeline.findFirst(Unknown Source)
at org.openqa.selenium.remote.ProtocolHandshake.createSession(ProtocolHandshake.java:128)
at org.openqa.selenium.remote.ProtocolHandshake.createSession(ProtocolHandshake.java:74)
at org.openqa.selenium.remote.HttpCommandExecutor.execute(HttpCommandExecutor.java:136)
at org.openqa.selenium.remote.service.DriverCommandExecutor.execute(DriverCommandExecutor.java:83)
at org.openqa.selenium.remote.RemoteWebDriver.execute(RemoteWebDriver.java:552)
at org.openqa.selenium.remote.RemoteWebDriver.startSession(RemoteWebDriver.java:213)
at org.openqa.selenium.remote.RemoteWebDriver.<init>(RemoteWebDriver.java:131)
at org.openqa.selenium.chrome.ChromeDriver.<init>(ChromeDriver.java:181)
at org.openqa.selenium.chrome.ChromeDriver.<init>(ChromeDriver.java:168)
at org.openqa.selenium.chrome.ChromeDriver.<init>(ChromeDriver.java:123)
at testNG.PetSuperMarket_SignIn.beforeClass(PetSuperMarket_SignIn.java:56)
at sun.reflect.NativeMethodAccessorImpl.invoke0(Native Method)
at sun.reflect.NativeMethodAccessorImpl.invoke(Unknown Source)
at sun.reflect.DelegatingMethodAccessorImpl.invoke(Unknown Source)
at java.lang.reflect.Method.invoke(Unknown Source)
at org.testng.internal.MethodInvocationHelper.invokeMethod(MethodInvocationHelper.java:133)
at org.testng.internal.MethodInvocationHelper.invokeMethodConsideringTimeout(MethodInvocationHelper.java:62)
at org.testng.internal.ConfigInvoker.invokeConfigurationMethod(ConfigInvoker.java:340)
at org.testng.internal.ConfigInvoker.invokeConfigurations(ConfigInvoker.java:294)
at org.testng.internal.TestMethodWorker.invokeBeforeClassMethods(TestMethodWorker.java:176)
at org.testng.internal.TestMethodWorker.run(TestMethodWorker.java:122)
at java.util.ArrayList.forEach(Unknown Source)
at org.testng.TestRunner.privateRun(TestRunner.java:770)
at org.testng.TestRunner.run(TestRunner.java:591)
at org.testng.SuiteRunner.runTest(SuiteRunner.java:402)
at org.testng.SuiteRunner.runSequentially(SuiteRunner.java:396)
at org.testng.SuiteRunner.privateRun(SuiteRunner.java:355)
at org.testng.SuiteRunner.run(SuiteRunner.java:304)
at org.testng.SuiteRunnerWorker.runSuite(SuiteRunnerWorker.java:53)
at org.testng.SuiteRunnerWorker.run(SuiteRunnerWorker.java:96)
at org.testng.TestNG.runSuitesSequentially(TestNG.java:1180)
at org.testng.TestNG.runSuitesLocally(TestNG.java:1102)
at org.testng.TestNG.runSuites(TestNG.java:1032)
at org.testng.TestNG.run(TestNG.java:1000)
at org.testng.remote.AbstractRemoteTestNG.run(AbstractRemoteTestNG.java:115)
at org.testng.remote.RemoteTestNG.initAndRun(RemoteTestNG.java:251)
at org.testng.remote.RemoteTestNG.main(RemoteTestNG.java:77)
]]>
    </error>
  </testcase> <!-- beforeClass -->
</testsuite> <!-- testNG.PetSuperMarket_SignIn -->
